{"numFailedTestSuites":0,"numFailedTests":0,"numPassedTestSuites":1,"numPassedTests":2,"numPendingTestSuites":0,"numPendingTests":0,"numRuntimeErrorTestSuites":0,"numTodoTests":0,"numTotalTestSuites":1,"numTotalTests":2,"openHandles":[],"snapshot":{"added":0,"didUpdate":false,"failure":false,"filesAdded":0,"filesRemoved":0,"filesRemovedList":[],"filesUnmatched":0,"filesUpdated":0,"matched":0,"total":0,"unchecked":0,"uncheckedKeysByFile":[],"unmatched":0,"updated":0},"startTime":1789154095966,"success":true,"testResults":[{"assertionResults":[{"ancestorTitles":["CSRF token endpoint in production-like environment"],"duration":107,"failing":false,"failureDetails":[],"failureMessages":[],"fullName":"CSRF token endpoint in production-like environment GET /api/csrf-token returns a token and sets the validation cookie","invocations":1,"location":null,"numPassingAsserts":7,"retryReasons":[],"startAt":1789154098788,"status":"passed","title":"GET /api/csrf-token returns a token and sets the validation cookie"},{"ancestorTitles":["CSRF token endpoint in production-like environment"],"duration":59,"failing":false,"failureDetails":[],"failureMessages":[],"fullName":"CSRF token endpoint in production-like environment accepts the configured mixed-case CSRF header on a state-changing request","invocations":1,"location":null,"numPassingAsserts":2,"retryReasons":[],"startAt":1789154098896,"status":"passed","title":"accepts the configured mixed-case CSRF header on a state-changing request"}],"endTime":1789154098960,"message":"","name":"C:\\Users\\Administrator\\Documents\\hatsey kaleb hotel website\\tests\\backend_csrf_integration.test.js","startTime":1789154096112,"status":"passed","summary":""}],"wasInterrupted":false}
